TN:
SF:/Users/onniaaltonen/nodejs/hello-node-js/lesson-2014-11-11/node_modules/broccoli-webp/index.js
FN:6,newWebp
FN:18,WebPFilter
FN:33,(anonymous_3)
FN:37,(anonymous_4)
FNF:4
FNH:1
FNDA:0,newWebp
FNDA:1,WebPFilter
FNDA:0,(anonymous_3)
FNDA:0,(anonymous_4)
DA:2,1
DA:3,1
DA:4,1
DA:6,1
DA:7,0
DA:8,0
DA:9,0
DA:10,0
DA:11,0
DA:12,0
DA:14,0
DA:18,1
DA:19,1
DA:20,0
DA:23,1
DA:24,1
DA:27,1
DA:28,1
DA:30,1
DA:31,1
DA:33,1
DA:34,0
DA:35,0
DA:36,0
DA:37,0
DA:38,0
DA:40,0
DA:42,0
DA:45,1
LF:29
LH:14
BRDA:9,1,0,0
BRDA:9,1,1,0
BRDA:11,2,0,0
BRDA:11,2,1,0
BRDA:19,3,0,0
BRDA:19,3,1,1
BRDA:24,4,0,1
BRDA:24,4,1,0
BRDA:38,5,0,0
BRDA:38,5,1,0
BRDA:40,6,0,0
BRDA:40,6,1,0
BRF:12
BRH:2
end_of_record
