{"/Users/onniaaltonen/nodejs/hello-node-js/nodeunit/last-mod.js":{"path":"/Users/onniaaltonen/nodejs/hello-node-js/nodeunit/last-mod.js","s":{"1":1,"2":1,"3":0,"4":0,"5":0,"6":0},"b":{"1":[0,0]},"f":{"1":0},"fnMap":{"1":{"name":"(anonymous_1)","line":6,"loc":{"start":{"line":6,"column":17},"end":{"line":6,"column":36}}}},"statementMap":{"1":{"start":{"line":4,"column":0},"end":{"line":4,"column":23}},"2":{"start":{"line":6,"column":0},"end":{"line":14,"column":2}},"3":{"start":{"line":9,"column":4},"end":{"line":12,"column":5}},"4":{"start":{"line":10,"column":8},"end":{"line":10,"column":41}},"5":{"start":{"line":11,"column":8},"end":{"line":11,"column":26}},"6":{"start":{"line":13,"column":4},"end":{"line":13,"column":17}}},"branchMap":{"1":{"line":9,"type":"if","locations":[{"start":{"line":9,"column":4},"end":{"line":9,"column":4}},{"start":{"line":9,"column":4},"end":{"line":9,"column":4}}]}}}}